20/05/24 11:03:14 PM Monday - AddorRemoveElements - INFO : WebElement found with locator value //a[text()='Add/Remove Elements'] using locatorType xpath
20/05/24 11:03:14 PM Monday - AddorRemoveElements - INFO : Clicked on WebElement with locator value //a[text()='Add/Remove Elements'] using locatorType xpath
20/05/24 11:04:10 PM Monday - AddorRemoveElements - INFO : WebElement found with locator value //a[text()='Add/Remove Elements'] using locatorType xpath
20/05/24 11:04:10 PM Monday - AddorRemoveElements - INFO : Clicked on WebElement with locator value //a[text()='Add/Remove Elements'] using locatorType xpath
20/05/24 11:04:10 PM Monday - AddorRemoveElements - INFO : WebElement found with locator value //button[text()='Add Element'] using locatorType xpath
20/05/24 11:04:10 PM Monday - AddorRemoveElements - INFO : Clicked on WebElement with locator value //button[text()='Add Element'] using locatorType xpath
20/05/24 11:04:10 PM Monday - AddorRemoveElements - INFO : WebElement found with locator value //button[text()='Add Element'] using locatorType xpath
20/05/24 11:04:10 PM Monday - AddorRemoveElements - INFO : Clicked on WebElement with locator value //button[text()='Add Element'] using locatorType xpath
20/05/24 11:04:10 PM Monday - AddorRemoveElements - INFO : WebElement found with locator value //button[text()='Add Element'] using locatorType xpath
20/05/24 11:04:10 PM Monday - AddorRemoveElements - INFO : Clicked on WebElement with locator value //button[text()='Add Element'] using locatorType xpath
20/05/24 11:04:10 PM Monday - AddorRemoveElements - INFO : WebElement found with locator value //button[text()='Delete'] using locatorType xpath
20/05/24 11:04:10 PM Monday - AddorRemoveElements - INFO : Clicked on WebElement with locator value //button[text()='Delete'] using locatorType xpath
20/05/24 11:04:10 PM Monday - AddorRemoveElements - INFO : Web Element is displayed
20/05/24 11:06:47 PM Monday - AddorRemoveElements - INFO : WebElement found with locator value //a[text()='Add/Remove Elements'] using locatorType xpath
20/05/24 11:06:48 PM Monday - AddorRemoveElements - INFO : Clicked on WebElement with locator value //a[text()='Add/Remove Elements'] using locatorType xpath
20/05/24 11:06:48 PM Monday - AddorRemoveElements - INFO : WebElement found with locator value //button[text()='Add Element'] using locatorType xpath
20/05/24 11:06:48 PM Monday - AddorRemoveElements - INFO : Clicked on WebElement with locator value //button[text()='Add Element'] using locatorType xpath
20/05/24 11:06:48 PM Monday - AddorRemoveElements - INFO : WebElement found with locator value //button[text()='Add Element'] using locatorType xpath
20/05/24 11:06:48 PM Monday - AddorRemoveElements - INFO : Clicked on WebElement with locator value //button[text()='Add Element'] using locatorType xpath
20/05/24 11:06:48 PM Monday - AddorRemoveElements - INFO : WebElement found with locator value //button[text()='Add Element'] using locatorType xpath
20/05/24 11:06:48 PM Monday - AddorRemoveElements - INFO : Clicked on WebElement with locator value //button[text()='Add Element'] using locatorType xpath
20/05/24 11:06:48 PM Monday - TestBasicAuth - INFO : Delete button count is3
20/05/24 11:06:48 PM Monday - AddorRemoveElements - INFO : WebElement found with locator value //button[text()='Delete'] using locatorType xpath
20/05/24 11:06:48 PM Monday - AddorRemoveElements - INFO : Clicked on WebElement with locator value //button[text()='Delete'] using locatorType xpath
20/05/24 11:06:48 PM Monday - AddorRemoveElements - INFO : WebElement found with locator value //button[text()='Delete'] using locatorType xpath
20/05/24 11:06:48 PM Monday - AddorRemoveElements - INFO : Clicked on WebElement with locator value //button[text()='Delete'] using locatorType xpath
20/05/24 11:06:48 PM Monday - AddorRemoveElements - INFO : WebElement found with locator value //button[text()='Delete'] using locatorType xpath
20/05/24 11:06:48 PM Monday - AddorRemoveElements - INFO : Clicked on WebElement with locator value //button[text()='Delete'] using locatorType xpath
20/05/24 11:06:59 PM Monday - AddorRemoveElements - ERROR : WebElement not found with locator value //button[text()='Delete'] using locatorType xpath
20/05/24 11:06:59 PM Monday - AddorRemoveElements - ERROR : Unable to Click on WebElement with locator value //button[text()='Delete'] using locatorType xpath
20/05/24 11:07:51 PM Monday - AddorRemoveElements - INFO : WebElement found with locator value //a[text()='Add/Remove Elements'] using locatorType xpath
20/05/24 11:07:52 PM Monday - AddorRemoveElements - INFO : Clicked on WebElement with locator value //a[text()='Add/Remove Elements'] using locatorType xpath
20/05/24 11:07:52 PM Monday - AddorRemoveElements - INFO : WebElement found with locator value //button[text()='Add Element'] using locatorType xpath
20/05/24 11:07:52 PM Monday - AddorRemoveElements - INFO : Clicked on WebElement with locator value //button[text()='Add Element'] using locatorType xpath
20/05/24 11:07:52 PM Monday - AddorRemoveElements - INFO : WebElement found with locator value //button[text()='Add Element'] using locatorType xpath
20/05/24 11:07:52 PM Monday - AddorRemoveElements - INFO : Clicked on WebElement with locator value //button[text()='Add Element'] using locatorType xpath
20/05/24 11:07:52 PM Monday - AddorRemoveElements - INFO : WebElement found with locator value //button[text()='Add Element'] using locatorType xpath
20/05/24 11:07:52 PM Monday - AddorRemoveElements - INFO : Clicked on WebElement with locator value //button[text()='Add Element'] using locatorType xpath
20/05/24 11:07:52 PM Monday - TestBasicAuth - INFO : Delete button count is3
20/05/24 11:07:52 PM Monday - AddorRemoveElements - INFO : WebElement found with locator value //button[text()='Delete'] using locatorType xpath
20/05/24 11:07:52 PM Monday - AddorRemoveElements - INFO : Clicked on WebElement with locator value //button[text()='Delete'] using locatorType xpath
20/05/24 11:07:52 PM Monday - AddorRemoveElements - INFO : WebElement found with locator value //button[text()='Delete'] using locatorType xpath
20/05/24 11:07:52 PM Monday - AddorRemoveElements - INFO : Clicked on WebElement with locator value //button[text()='Delete'] using locatorType xpath
20/05/24 11:07:52 PM Monday - AddorRemoveElements - INFO : WebElement found with locator value //button[text()='Delete'] using locatorType xpath
20/05/24 11:07:52 PM Monday - AddorRemoveElements - INFO : Clicked on WebElement with locator value //button[text()='Delete'] using locatorType xpath
20/05/24 11:08:03 PM Monday - AddorRemoveElements - ERROR : WebElement not found with locator value //button[text()='Delete'] using locatorType xpath
20/05/24 11:08:03 PM Monday - AddorRemoveElements - ERROR : Unable to Click on WebElement with locator value //button[text()='Delete'] using locatorType xpath
20/05/24 11:09:42 PM Monday - AddorRemoveElements - INFO : WebElement found with locator value //a[text()='Add/Remove Elements'] using locatorType xpath
20/05/24 11:09:42 PM Monday - AddorRemoveElements - INFO : Clicked on WebElement with locator value //a[text()='Add/Remove Elements'] using locatorType xpath
20/05/24 11:09:42 PM Monday - AddorRemoveElements - INFO : WebElement found with locator value //button[text()='Add Element'] using locatorType xpath
20/05/24 11:09:42 PM Monday - AddorRemoveElements - INFO : Clicked on WebElement with locator value //button[text()='Add Element'] using locatorType xpath
20/05/24 11:09:42 PM Monday - TestBasicAuth - INFO : add: 2
20/05/24 11:09:42 PM Monday - AddorRemoveElements - INFO : WebElement found with locator value //button[text()='Add Element'] using locatorType xpath
20/05/24 11:09:42 PM Monday - AddorRemoveElements - INFO : Clicked on WebElement with locator value //button[text()='Add Element'] using locatorType xpath
20/05/24 11:09:42 PM Monday - TestBasicAuth - INFO : add: 3
20/05/24 11:09:42 PM Monday - AddorRemoveElements - INFO : WebElement found with locator value //button[text()='Add Element'] using locatorType xpath
20/05/24 11:09:42 PM Monday - AddorRemoveElements - INFO : Clicked on WebElement with locator value //button[text()='Add Element'] using locatorType xpath
20/05/24 11:09:42 PM Monday - TestBasicAuth - INFO : add: 4
20/05/24 11:09:42 PM Monday - TestBasicAuth - INFO : Delete button count is3
20/05/24 11:09:42 PM Monday - AddorRemoveElements - INFO : WebElement found with locator value //button[text()='Delete'] using locatorType xpath
20/05/24 11:09:42 PM Monday - AddorRemoveElements - INFO : Clicked on WebElement with locator value //button[text()='Delete'] using locatorType xpath
20/05/24 11:09:42 PM Monday - TestBasicAuth - INFO : delete: 3
20/05/24 11:09:42 PM Monday - AddorRemoveElements - INFO : WebElement found with locator value //button[text()='Delete'] using locatorType xpath
20/05/24 11:09:42 PM Monday - AddorRemoveElements - INFO : Clicked on WebElement with locator value //button[text()='Delete'] using locatorType xpath
20/05/24 11:09:42 PM Monday - TestBasicAuth - INFO : delete: 2
20/05/24 11:09:42 PM Monday - AddorRemoveElements - INFO : WebElement found with locator value //button[text()='Delete'] using locatorType xpath
20/05/24 11:09:42 PM Monday - AddorRemoveElements - INFO : Clicked on WebElement with locator value //button[text()='Delete'] using locatorType xpath
20/05/24 11:09:42 PM Monday - TestBasicAuth - INFO : delete: 1
20/05/24 11:09:53 PM Monday - AddorRemoveElements - ERROR : WebElement not found with locator value //button[text()='Delete'] using locatorType xpath
20/05/24 11:09:53 PM Monday - AddorRemoveElements - ERROR : Unable to Click on WebElement with locator value //button[text()='Delete'] using locatorType xpath
20/05/24 11:10:42 PM Monday - AddorRemoveElements - INFO : WebElement found with locator value //a[text()='Add/Remove Elements'] using locatorType xpath
20/05/24 11:10:43 PM Monday - AddorRemoveElements - INFO : Clicked on WebElement with locator value //a[text()='Add/Remove Elements'] using locatorType xpath
20/05/24 11:10:43 PM Monday - AddorRemoveElements - INFO : WebElement found with locator value //button[text()='Add Element'] using locatorType xpath
20/05/24 11:10:43 PM Monday - AddorRemoveElements - INFO : Clicked on WebElement with locator value //button[text()='Add Element'] using locatorType xpath
20/05/24 11:10:43 PM Monday - TestBasicAuth - INFO : add: 1
20/05/24 11:10:43 PM Monday - AddorRemoveElements - INFO : WebElement found with locator value //button[text()='Add Element'] using locatorType xpath
20/05/24 11:10:43 PM Monday - AddorRemoveElements - INFO : Clicked on WebElement with locator value //button[text()='Add Element'] using locatorType xpath
20/05/24 11:10:43 PM Monday - TestBasicAuth - INFO : add: 2
20/05/24 11:10:43 PM Monday - AddorRemoveElements - INFO : WebElement found with locator value //button[text()='Add Element'] using locatorType xpath
20/05/24 11:10:43 PM Monday - AddorRemoveElements - INFO : Clicked on WebElement with locator value //button[text()='Add Element'] using locatorType xpath
20/05/24 11:10:43 PM Monday - TestBasicAuth - INFO : add: 3
20/05/24 11:10:43 PM Monday - AddorRemoveElements - INFO : WebElement found with locator value //button[text()='Add Element'] using locatorType xpath
20/05/24 11:10:43 PM Monday - AddorRemoveElements - INFO : Clicked on WebElement with locator value //button[text()='Add Element'] using locatorType xpath
20/05/24 11:10:43 PM Monday - TestBasicAuth - INFO : add: 4
20/05/24 11:10:43 PM Monday - TestBasicAuth - INFO : Delete button count is4
20/05/24 11:14:15 PM Monday - AddorRemoveElements - INFO : WebElement found with locator value //a[text()='Add/Remove Elements'] using locatorType xpath
20/05/24 11:14:15 PM Monday - AddorRemoveElements - INFO : Clicked on WebElement with locator value //a[text()='Add/Remove Elements'] using locatorType xpath
20/05/24 11:14:15 PM Monday - AddorRemoveElements - INFO : WebElement found with locator value //button[text()='Add Element'] using locatorType xpath
20/05/24 11:14:15 PM Monday - AddorRemoveElements - INFO : Clicked on WebElement with locator value //button[text()='Add Element'] using locatorType xpath
20/05/24 11:14:15 PM Monday - TestBasicAuth - INFO : add: 2
20/05/24 11:14:15 PM Monday - AddorRemoveElements - INFO : WebElement found with locator value //button[text()='Add Element'] using locatorType xpath
20/05/24 11:14:16 PM Monday - AddorRemoveElements - INFO : Clicked on WebElement with locator value //button[text()='Add Element'] using locatorType xpath
20/05/24 11:14:16 PM Monday - TestBasicAuth - INFO : add: 3
20/05/24 11:14:16 PM Monday - AddorRemoveElements - INFO : WebElement found with locator value //button[text()='Add Element'] using locatorType xpath
20/05/24 11:14:16 PM Monday - AddorRemoveElements - INFO : Clicked on WebElement with locator value //button[text()='Add Element'] using locatorType xpath
20/05/24 11:14:16 PM Monday - TestBasicAuth - INFO : add: 4
20/05/24 11:14:16 PM Monday - TestBasicAuth - INFO : Delete button count is3
20/05/24 11:14:16 PM Monday - AddorRemoveElements - INFO : Web Element is displayed
20/05/24 11:14:16 PM Monday - AddorRemoveElements - INFO : WebElement found with locator value //button[text()='Delete'] using locatorType xpath
20/05/24 11:14:16 PM Monday - AddorRemoveElements - INFO : Clicked on WebElement with locator value //button[text()='Delete'] using locatorType xpath
20/05/24 11:14:16 PM Monday - AddorRemoveElements - INFO : Web Element is displayed
20/05/24 11:14:16 PM Monday - AddorRemoveElements - INFO : WebElement found with locator value //button[text()='Delete'] using locatorType xpath
20/05/24 11:14:16 PM Monday - AddorRemoveElements - INFO : Clicked on WebElement with locator value //button[text()='Delete'] using locatorType xpath
20/05/24 11:14:16 PM Monday - AddorRemoveElements - INFO : Web Element is displayed
20/05/24 11:14:16 PM Monday - AddorRemoveElements - INFO : WebElement found with locator value //button[text()='Delete'] using locatorType xpath
20/05/24 11:14:16 PM Monday - AddorRemoveElements - INFO : Clicked on WebElement with locator value //button[text()='Delete'] using locatorType xpath
20/05/24 11:14:27 PM Monday - AddorRemoveElements - INFO : Web Element not displayed
21/05/24 11:57:57 AM Tuesday - AddorRemoveElements - INFO : WebElement found with locator value //a[text()='Add/Remove Elements'] using locatorType xpath
21/05/24 11:57:58 AM Tuesday - AddorRemoveElements - INFO : Clicked on WebElement with locator value //a[text()='Add/Remove Elements'] using locatorType xpath
21/05/24 11:57:58 AM Tuesday - TestBasicAuth - INFO : Add/Remove element link clicked
21/05/24 11:58:08 AM Tuesday - AddorRemoveElements - INFO : WebElement found with locator value //button[text()='Add Element'] using locatorType xpath
21/05/24 11:58:08 AM Tuesday - AddorRemoveElements - INFO : Clicked on WebElement with locator value //button[text()='Add Element'] using locatorType xpath
21/05/24 11:58:18 AM Tuesday - TestBasicAuth - INFO : Delete button count is1
21/05/24 11:58:34 AM Tuesday - AddorRemoveElements - INFO : WebElement found with locator value //a[text()='Add/Remove Elements'] using locatorType xpath
21/05/24 11:58:35 AM Tuesday - AddorRemoveElements - INFO : Clicked on WebElement with locator value //a[text()='Add/Remove Elements'] using locatorType xpath
21/05/24 11:58:35 AM Tuesday - AddorRemoveElements - INFO : WebElement found with locator value //button[text()='Add Element'] using locatorType xpath
21/05/24 11:58:35 AM Tuesday - AddorRemoveElements - INFO : Clicked on WebElement with locator value //button[text()='Add Element'] using locatorType xpath
21/05/24 11:58:35 AM Tuesday - AddorRemoveElements - INFO : WebElement found with locator value //button[text()='Delete'] using locatorType xpath
21/05/24 11:58:35 AM Tuesday - AddorRemoveElements - INFO : Clicked on WebElement with locator value //button[text()='Delete'] using locatorType xpath
21/05/24 11:58:46 AM Tuesday - AddorRemoveElements - INFO : Web Element not displayed
21/05/24 11:58:53 AM Tuesday - AddorRemoveElements - INFO : WebElement found with locator value //a[text()='Add/Remove Elements'] using locatorType xpath
21/05/24 11:58:53 AM Tuesday - AddorRemoveElements - INFO : Clicked on WebElement with locator value //a[text()='Add/Remove Elements'] using locatorType xpath
21/05/24 11:58:53 AM Tuesday - AddorRemoveElements - INFO : WebElement found with locator value //button[text()='Add Element'] using locatorType xpath
21/05/24 11:58:53 AM Tuesday - AddorRemoveElements - INFO : Clicked on WebElement with locator value //button[text()='Add Element'] using locatorType xpath
21/05/24 11:58:53 AM Tuesday - TestBasicAuth - INFO : add: 2
21/05/24 11:58:53 AM Tuesday - AddorRemoveElements - INFO : WebElement found with locator value //button[text()='Add Element'] using locatorType xpath
21/05/24 11:58:53 AM Tuesday - AddorRemoveElements - INFO : Clicked on WebElement with locator value //button[text()='Add Element'] using locatorType xpath
21/05/24 11:58:53 AM Tuesday - TestBasicAuth - INFO : add: 3
21/05/24 11:58:53 AM Tuesday - AddorRemoveElements - INFO : WebElement found with locator value //button[text()='Add Element'] using locatorType xpath
21/05/24 11:58:53 AM Tuesday - AddorRemoveElements - INFO : Clicked on WebElement with locator value //button[text()='Add Element'] using locatorType xpath
21/05/24 11:58:53 AM Tuesday - TestBasicAuth - INFO : add: 4
21/05/24 11:58:53 AM Tuesday - TestBasicAuth - INFO : Delete button count is3
21/05/24 11:58:53 AM Tuesday - AddorRemoveElements - INFO : Web Element is displayed
21/05/24 11:58:53 AM Tuesday - AddorRemoveElements - INFO : WebElement found with locator value //button[text()='Delete'] using locatorType xpath
21/05/24 11:58:53 AM Tuesday - AddorRemoveElements - INFO : Clicked on WebElement with locator value //button[text()='Delete'] using locatorType xpath
21/05/24 11:58:53 AM Tuesday - AddorRemoveElements - INFO : Web Element is displayed
21/05/24 11:58:53 AM Tuesday - AddorRemoveElements - INFO : WebElement found with locator value //button[text()='Delete'] using locatorType xpath
21/05/24 11:58:53 AM Tuesday - AddorRemoveElements - INFO : Clicked on WebElement with locator value //button[text()='Delete'] using locatorType xpath
21/05/24 11:58:53 AM Tuesday - AddorRemoveElements - INFO : Web Element is displayed
21/05/24 11:58:53 AM Tuesday - AddorRemoveElements - INFO : WebElement found with locator value //button[text()='Delete'] using locatorType xpath
21/05/24 11:58:53 AM Tuesday - AddorRemoveElements - INFO : Clicked on WebElement with locator value //button[text()='Delete'] using locatorType xpath
21/05/24 11:59:04 AM Tuesday - AddorRemoveElements - INFO : Web Element not displayed
